\BOOKMARK [0][-]{chapter*.4}{\376\377\000D\000a\000n\000h\000\040\000s\000\341\000c\000h\000\040\000h\000\354\000n\000h\000\040\000v\036\275}{}% 1
\BOOKMARK [0][-]{chapter*.5}{\376\377\000D\000a\000n\000h\000\040\000s\000\341\000c\000h\000\040\000b\000a\000n\000g}{}% 2
\BOOKMARK [0][-]{chapter.1}{\376\377\000T\036\325\000n\000g\000\040\000q\000u\000a\000n}{}% 3
\BOOKMARK [1][-]{section.1.1}{\376\377\000G\000i\036\333\000i\000\040\000t\000h\000i\036\307\000u\000\040\001\021\036\301\000\040\000t\000\340\000i}{chapter.1}% 4
\BOOKMARK [1][-]{section.1.2}{\376\377\000M\036\345\000c\000\040\000t\000i\000\352\000u\000\040\000v\000\340\000\040\000p\000h\036\241\000m\000\040\000v\000i\000\040\001\021\036\301\000\040\000t\000\340\000i}{chapter.1}% 5
\BOOKMARK [1][-]{section.1.3}{\376\377\000C\036\245\000u\000\040\000t\000r\000\372\000c\000\040\000l\000u\036\255\000n\000\040\000v\001\003\000n}{chapter.1}% 6
\BOOKMARK [0][-]{chapter.2}{\376\377\000C\000\341\000c\000\040\000c\000\364\000n\000g\000\040\000t\000r\000\354\000n\000h\000\040\000l\000i\000\352\000n\000\040\000q\000u\000a\000n}{}% 7
\BOOKMARK [1][-]{section.2.1}{\376\377\000B\036\307\000n\000h\000\040\000\341\000n\000\040\001\021\000i\036\307\000n\000\040\000t\036\355}{chapter.2}% 8
\BOOKMARK [1][-]{section.2.2}{\376\377\000N\000h\036\255\000n\000\040\000d\036\241\000n\000g\000\040\000t\000h\036\361\000c\000\040\000t\000h\036\303\000\040\000c\000\363\000\040\000t\000\352\000n}{chapter.2}% 9
\BOOKMARK [0][-]{chapter.3}{\376\377\000K\000i\036\277\000n\000\040\000t\000h\036\351\000c\000\040\000n\036\301\000n\000\040\000t\036\243\000n\000g}{}% 10
\BOOKMARK [1][-]{section.3.1}{\376\377\000C\000\341\000c\000\040\001\021\036\313\000n\000h\000\040\000n\000g\000h\001\051\000a\000\040\000v\000\340\000\040\000t\000h\000u\036\255\000t\000\040\000n\000g\036\357}{chapter.3}% 11
\BOOKMARK [1][-]{section.3.2}{\376\377\000S\000u\000p\000p\000o\000r\000t\000\040\000V\000e\000c\000t\000o\000r\000\040\000M\000a\000c\000h\000i\000n\000e}{chapter.3}% 12
\BOOKMARK [1][-]{section.3.3}{\376\377\000C\000\341\000c\000\040\000m\000\364\000\040\000h\000\354\000n\000h\000\040\000h\036\315\000c\000\040\000m\000\341\000y\000\040\000p\000h\000\342\000n\000\040\000g\000i\036\243\000i\000\040\001\021\036\323\000n\000g\000\040\000t\000h\000a\000m\000\040\000c\000h\000i\036\277\000u}{chapter.3}% 13
\BOOKMARK [1][-]{section.3.4}{\376\377\000C\000\341\000c\000\040\000c\000\364\000n\000g\000\040\000c\036\345\000\040\000h\036\327\000\040\000t\000r\036\343\000\040\000r\000\372\000t\000\040\000t\000r\000\355\000c\000h\000\040\001\021\036\267\000c\000\040\000t\000r\001\260\000n\000g}{chapter.3}% 14
\BOOKMARK [0][-]{chapter.4}{\376\377\000H\000i\036\307\000n\000\040\000t\000h\036\361\000c\000\040\000h\036\307\000\040\000t\000h\036\321\000n\000g}{}% 15
\BOOKMARK [1][-]{section.4.1}{\376\377\000N\036\331\000i\000\040\000d\000u\000n\000g\000\040\000b\000\340\000i\000\040\000t\000o\000\341\000n}{chapter.4}% 16
\BOOKMARK [1][-]{section.4.2}{\376\377\000\335\000\040\000t\001\260\036\337\000n\000g\000\040\000h\000i\036\307\000n\000\040\000t\000h\036\361\000c}{chapter.4}% 17
\BOOKMARK [1][-]{section.4.3}{\376\377\000T\000i\036\301\000n\000\040\000x\036\355\000\040\000l\000\375}{chapter.4}% 18
\BOOKMARK [1][-]{section.4.4}{\376\377\000X\000\342\000y\000\040\000d\036\361\000n\000g\000\040\000c\000\341\000c\000\040\000c\036\267\000p\000\040\000k\000h\000\341\000i\000\040\000n\000i\036\307\000m}{chapter.4}% 19
\BOOKMARK [1][-]{section.4.5}{\376\377\000R\000\372\000t\000\040\000t\000r\000\355\000c\000h\000\040\001\021\036\267\000c\000\040\000t\000r\001\260\000n\000g}{chapter.4}% 20
\BOOKMARK [1][-]{section.4.6}{\376\377\000G\000o\000m\000\040\000c\036\345\000m\000\040\000v\000\340\000\040\000x\000\342\000y\000\040\000d\036\361\000n\000g\000\040\000c\000h\000u\036\327\000i\000\040\001\021\036\323\000n\000g\000\040\000t\000h\000a\000m\000\040\000c\000h\000i\036\277\000u}{chapter.4}% 21
\BOOKMARK [0][-]{chapter.5}{\376\377\000T\000h\000\355\000\040\000n\000g\000h\000i\036\307\000m\000\040\001\021\000\341\000n\000h\000\040\000g\000i\000\341}{}% 22
\BOOKMARK [1][-]{section.5.1}{\376\377\000T\036\255\000p\000\040\000d\036\357\000\040\000l\000i\036\307\000u}{chapter.5}% 23
\BOOKMARK [1][-]{section.5.2}{\376\377\000C\000\341\000c\000\040\000h\036\307\000\040\001\021\000o}{chapter.5}% 24
\BOOKMARK [1][-]{section.5.3}{\376\377\000K\036\277\000t\000\040\000q\000u\036\243}{chapter.5}% 25
\BOOKMARK [0][-]{chapter.6}{\376\377\000T\036\325\000n\000g\000\040\000k\036\277\000t}{}% 26
\BOOKMARK [0][-]{section*.15}{\376\377\000T\000\340\000i\000\040\000l\000i\003\043\000u\000\040\000t\000h\000a\000m\000\040\000k\000h\000a\000o}{}% 27
